-------------------------------------------------------------------------------
Test set: org.springframework.security.oauth2.provider.AuthorizationCodeProviderTests
-------------------------------------------------------------------------------
Tests run: 14, Failures: 0, Errors: 7, Skipped: 0, Time elapsed: 0.316 sec <<< FAILURE!
testUserDeniesConfirmation(org.springframework.security.oauth2.provider.AuthorizationCodeProviderTests)  Time elapsed: 0.008 sec  <<< ERROR!
org.springframework.security.oauth2.client.resource.UserRedirectRequiredException: A redirect is required to get the users approval
	at org.springframework.security.oauth2.client.token.grant.code.AuthorizationCodeAccessTokenProvider.getRedirectForAuthorization(AuthorizationCodeAccessTokenProvider.java:358)
	at org.springframework.security.oauth2.client.token.grant.code.AuthorizationCodeAccessTokenProvider.obtainAccessToken(AuthorizationCodeAccessTokenProvider.java:205)
	at org.springframework.security.oauth2.client.OAuth2RestTemplate.acquireAccessToken(OAuth2RestTemplate.java:221)
	at org.springframework.security.oauth2.client.OAuth2RestTemplate.getAccessToken(OAuth2RestTemplate.java:173)
	at org.springframework.security.oauth2.client.OAuth2RestTemplate.createRequest(OAuth2RestTemplate.java:105)
	at org.springframework.web.client.RestTemplate.doExecute(RestTemplate.java:547)
	at org.springframework.security.oauth2.client.OAuth2RestTemplate.doExecute(OAuth2RestTemplate.java:128)
	at org.springframework.web.client.RestTemplate.execute(RestTemplate.java:512)
	at org.springframework.web.client.RestTemplate.exchange(RestTemplate.java:454)
	at org.springframework.security.oauth2.provider.ServerRunning.getForString(ServerRunning.java:274)
	at org.springframework.security.oauth2.provider.ServerRunning.getForString(ServerRunning.java:270)
	at org.springframework.security.oauth2.provider.AuthorizationCodeProviderTests.loginAndGrabCookie(AuthorizationCodeProviderTests.java:369)
	at org.springframework.security.oauth2.provider.AuthorizationCodeProviderTests.approveAccessTokenGrant(AuthorizationCodeProviderTests.java:400)
	at org.springframework.security.oauth2.provider.AuthorizationCodeProviderTests.testUserDeniesConfirmation(AuthorizationCodeProviderTests.java:188)
	at sun.reflect.NativeMethodAccessorImpl.invoke0(Native Method)
	at sun.reflect.NativeMethodAccessorImpl.invoke(NativeMethodAccessorImpl.java:62)
	at sun.reflect.DelegatingMethodAccessorImpl.invoke(DelegatingMethodAccessorImpl.java:43)
	at java.lang.reflect.Method.invoke(Method.java:498)
	at org.junit.runners.model.FrameworkMethod$1.runReflectiveCall(FrameworkMethod.java:47)
	at org.junit.internal.runners.model.ReflectiveCallable.run(ReflectiveCallable.java:12)
	at org.junit.runners.model.FrameworkMethod.invokeExplosively(FrameworkMethod.java:44)
	at org.junit.internal.runners.statements.InvokeMethod.evaluate(InvokeMethod.java:17)
	at org.springframework.security.oauth2.provider.ServerRunning$1.evaluate(ServerRunning.java:175)
	at org.junit.rules.TestWatchman$1.evaluate(TestWatchman.java:53)
	at org.junit.runners.ParentRunner.runLeaf(ParentRunner.java:271)
	at org.junit.runners.BlockJUnit4ClassRunner.runChild(BlockJUnit4ClassRunner.java:70)
	at org.junit.runners.BlockJUnit4ClassRunner.runChild(BlockJUnit4ClassRunner.java:50)
	at org.junit.runners.ParentRunner$3.run(ParentRunner.java:238)
	at org.junit.runners.ParentRunner$1.schedule(ParentRunner.java:63)
	at org.junit.runners.ParentRunner.runChildren(ParentRunner.java:236)
	at org.junit.runners.ParentRunner.access$000(ParentRunner.java:53)
	at org.junit.runners.ParentRunner$2.evaluate(ParentRunner.java:229)
	at org.junit.runners.ParentRunner.run(ParentRunner.java:309)
	at org.apache.maven.surefire.junit4.JUnit4Provider.execute(JUnit4Provider.java:252)
	at org.apache.maven.surefire.junit4.JUnit4Provider.executeTestSet(JUnit4Provider.java:141)
	at org.apache.maven.surefire.junit4.JUnit4Provider.invoke(JUnit4Provider.java:112)
	at sun.reflect.NativeMethodAccessorImpl.invoke0(Native Method)
	at sun.reflect.NativeMethodAccessorImpl.invoke(NativeMethodAccessorImpl.java:62)
	at sun.reflect.DelegatingMethodAccessorImpl.invoke(DelegatingMethodAccessorImpl.java:43)
	at java.lang.reflect.Method.invoke(Method.java:498)
	at org.apache.maven.surefire.util.ReflectionUtils.invokeMethodWithArray(ReflectionUtils.java:189)
	at org.apache.maven.surefire.booter.ProviderFactory$ProviderProxy.invoke(ProviderFactory.java:165)
	at org.apache.maven.surefire.booter.ProviderFactory.invokeProvider(ProviderFactory.java:85)
	at org.apache.maven.surefire.booter.ForkedBooter.runSuitesInProcess(ForkedBooter.java:115)
	at org.apache.maven.surefire.booter.ForkedBooter.main(ForkedBooter.java:75)

testRegisteredRedirectWithWrongRequestedRedirect(org.springframework.security.oauth2.provider.AuthorizationCodeProviderTests)  Time elapsed: 0.01 sec  <<< ERROR!
org.springframework.security.oauth2.client.resource.UserRedirectRequiredException: A redirect is required to get the users approval
	at org.springframework.security.oauth2.client.token.grant.code.AuthorizationCodeAccessTokenProvider.getRedirectForAuthorization(AuthorizationCodeAccessTokenProvider.java:358)
	at org.springframework.security.oauth2.client.token.grant.code.AuthorizationCodeAccessTokenProvider.obtainAccessToken(AuthorizationCodeAccessTokenProvider.java:205)
	at org.springframework.security.oauth2.client.OAuth2RestTemplate.acquireAccessToken(OAuth2RestTemplate.java:221)
	at org.springframework.security.oauth2.client.OAuth2RestTemplate.getAccessToken(OAuth2RestTemplate.java:173)
	at org.springframework.security.oauth2.client.OAuth2RestTemplate.createRequest(OAuth2RestTemplate.java:105)
	at org.springframework.web.client.RestTemplate.doExecute(RestTemplate.java:547)
	at org.springframework.security.oauth2.client.OAuth2RestTemplate.doExecute(OAuth2RestTemplate.java:128)
	at org.springframework.web.client.RestTemplate.execute(RestTemplate.java:512)
	at org.springframework.web.client.RestTemplate.exchange(RestTemplate.java:454)
	at org.springframework.security.oauth2.provider.ServerRunning.getForString(ServerRunning.java:274)
	at org.springframework.security.oauth2.provider.ServerRunning.getForString(ServerRunning.java:270)
	at org.springframework.security.oauth2.provider.AuthorizationCodeProviderTests.loginAndGrabCookie(AuthorizationCodeProviderTests.java:369)
	at org.springframework.security.oauth2.provider.AuthorizationCodeProviderTests.approveAccessTokenGrant(AuthorizationCodeProviderTests.java:400)
	at org.springframework.security.oauth2.provider.AuthorizationCodeProviderTests.testRegisteredRedirectWithWrongRequestedRedirect(AuthorizationCodeProviderTests.java:321)
	at sun.reflect.NativeMethodAccessorImpl.invoke0(Native Method)
	at sun.reflect.NativeMethodAccessorImpl.invoke(NativeMethodAccessorImpl.java:62)
	at sun.reflect.DelegatingMethodAccessorImpl.invoke(DelegatingMethodAccessorImpl.java:43)
	at java.lang.reflect.Method.invoke(Method.java:498)
	at org.junit.runners.model.FrameworkMethod$1.runReflectiveCall(FrameworkMethod.java:47)
	at org.junit.internal.runners.model.ReflectiveCallable.run(ReflectiveCallable.java:12)
	at org.junit.runners.model.FrameworkMethod.invokeExplosively(FrameworkMethod.java:44)
	at org.junit.internal.runners.statements.InvokeMethod.evaluate(InvokeMethod.java:17)
	at org.springframework.security.oauth2.provider.ServerRunning$1.evaluate(ServerRunning.java:175)
	at org.junit.rules.TestWatchman$1.evaluate(TestWatchman.java:53)
	at org.junit.runners.ParentRunner.runLeaf(ParentRunner.java:271)
	at org.junit.runners.BlockJUnit4ClassRunner.runChild(BlockJUnit4ClassRunner.java:70)
	at org.junit.runners.BlockJUnit4ClassRunner.runChild(BlockJUnit4ClassRunner.java:50)
	at org.junit.runners.ParentRunner$3.run(ParentRunner.java:238)
	at org.junit.runners.ParentRunner$1.schedule(ParentRunner.java:63)
	at org.junit.runners.ParentRunner.runChildren(ParentRunner.java:236)
	at org.junit.runners.ParentRunner.access$000(ParentRunner.java:53)
	at org.junit.runners.ParentRunner$2.evaluate(ParentRunner.java:229)
	at org.junit.runners.ParentRunner.run(ParentRunner.java:309)
	at org.apache.maven.surefire.junit4.JUnit4Provider.execute(JUnit4Provider.java:252)
	at org.apache.maven.surefire.junit4.JUnit4Provider.executeTestSet(JUnit4Provider.java:141)
	at org.apache.maven.surefire.junit4.JUnit4Provider.invoke(JUnit4Provider.java:112)
	at sun.reflect.NativeMethodAccessorImpl.invoke0(Native Method)
	at sun.reflect.NativeMethodAccessorImpl.invoke(NativeMethodAccessorImpl.java:62)
	at sun.reflect.DelegatingMethodAccessorImpl.invoke(DelegatingMethodAccessorImpl.java:43)
	at java.lang.reflect.Method.invoke(Method.java:498)
	at org.apache.maven.surefire.util.ReflectionUtils.invokeMethodWithArray(ReflectionUtils.java:189)
	at org.apache.maven.surefire.booter.ProviderFactory$ProviderProxy.invoke(ProviderFactory.java:165)
	at org.apache.maven.surefire.booter.ProviderFactory.invokeProvider(ProviderFactory.java:85)
	at org.apache.maven.surefire.booter.ForkedBooter.runSuitesInProcess(ForkedBooter.java:115)
	at org.apache.maven.surefire.booter.ForkedBooter.main(ForkedBooter.java:75)

testInsufficientScopeInResourceRequest(org.springframework.security.oauth2.provider.AuthorizationCodeProviderTests)  Time elapsed: 0.007 sec  <<< ERROR!
org.springframework.security.oauth2.client.resource.UserRedirectRequiredException: A redirect is required to get the users approval
	at org.springframework.security.oauth2.client.token.grant.code.AuthorizationCodeAccessTokenProvider.getRedirectForAuthorization(AuthorizationCodeAccessTokenProvider.java:358)
	at org.springframework.security.oauth2.client.token.grant.code.AuthorizationCodeAccessTokenProvider.obtainAccessToken(AuthorizationCodeAccessTokenProvider.java:205)
	at org.springframework.security.oauth2.client.OAuth2RestTemplate.acquireAccessToken(OAuth2RestTemplate.java:221)
	at org.springframework.security.oauth2.client.OAuth2RestTemplate.getAccessToken(OAuth2RestTemplate.java:173)
	at org.springframework.security.oauth2.client.OAuth2RestTemplate.createRequest(OAuth2RestTemplate.java:105)
	at org.springframework.web.client.RestTemplate.doExecute(RestTemplate.java:547)
	at org.springframework.security.oauth2.client.OAuth2RestTemplate.doExecute(OAuth2RestTemplate.java:128)
	at org.springframework.web.client.RestTemplate.execute(RestTemplate.java:512)
	at org.springframework.web.client.RestTemplate.exchange(RestTemplate.java:454)
	at org.springframework.security.oauth2.provider.ServerRunning.getForString(ServerRunning.java:274)
	at org.springframework.security.oauth2.provider.ServerRunning.getForString(ServerRunning.java:270)
	at org.springframework.security.oauth2.provider.AuthorizationCodeProviderTests.loginAndGrabCookie(AuthorizationCodeProviderTests.java:369)
	at org.springframework.security.oauth2.provider.AuthorizationCodeProviderTests.approveAccessTokenGrant(AuthorizationCodeProviderTests.java:400)
	at org.springframework.security.oauth2.provider.AuthorizationCodeProviderTests.testInsufficientScopeInResourceRequest(AuthorizationCodeProviderTests.java:289)
	at sun.reflect.NativeMethodAccessorImpl.invoke0(Native Method)
	at sun.reflect.NativeMethodAccessorImpl.invoke(NativeMethodAccessorImpl.java:62)
	at sun.reflect.DelegatingMethodAccessorImpl.invoke(DelegatingMethodAccessorImpl.java:43)
	at java.lang.reflect.Method.invoke(Method.java:498)
	at org.junit.runners.model.FrameworkMethod$1.runReflectiveCall(FrameworkMethod.java:47)
	at org.junit.internal.runners.model.ReflectiveCallable.run(ReflectiveCallable.java:12)
	at org.junit.runners.model.FrameworkMethod.invokeExplosively(FrameworkMethod.java:44)
	at org.junit.internal.runners.statements.InvokeMethod.evaluate(InvokeMethod.java:17)
	at org.springframework.security.oauth2.provider.ServerRunning$1.evaluate(ServerRunning.java:175)
	at org.junit.rules.TestWatchman$1.evaluate(TestWatchman.java:53)
	at org.junit.runners.ParentRunner.runLeaf(ParentRunner.java:271)
	at org.junit.runners.BlockJUnit4ClassRunner.runChild(BlockJUnit4ClassRunner.java:70)
	at org.junit.runners.BlockJUnit4ClassRunner.runChild(BlockJUnit4ClassRunner.java:50)
	at org.junit.runners.ParentRunner$3.run(ParentRunner.java:238)
	at org.junit.runners.ParentRunner$1.schedule(ParentRunner.java:63)
	at org.junit.runners.ParentRunner.runChildren(ParentRunner.java:236)
	at org.junit.runners.ParentRunner.access$000(ParentRunner.java:53)
	at org.junit.runners.ParentRunner$2.evaluate(ParentRunner.java:229)
	at org.junit.runners.ParentRunner.run(ParentRunner.java:309)
	at org.apache.maven.surefire.junit4.JUnit4Provider.execute(JUnit4Provider.java:252)
	at org.apache.maven.surefire.junit4.JUnit4Provider.executeTestSet(JUnit4Provider.java:141)
	at org.apache.maven.surefire.junit4.JUnit4Provider.invoke(JUnit4Provider.java:112)
	at sun.reflect.NativeMethodAccessorImpl.invoke0(Native Method)
	at sun.reflect.NativeMethodAccessorImpl.invoke(NativeMethodAccessorImpl.java:62)
	at sun.reflect.DelegatingMethodAccessorImpl.invoke(DelegatingMethodAccessorImpl.java:43)
	at java.lang.reflect.Method.invoke(Method.java:498)
	at org.apache.maven.surefire.util.ReflectionUtils.invokeMethodWithArray(ReflectionUtils.java:189)
	at org.apache.maven.surefire.booter.ProviderFactory$ProviderProxy.invoke(ProviderFactory.java:165)
	at org.apache.maven.surefire.booter.ProviderFactory.invokeProvider(ProviderFactory.java:85)
	at org.apache.maven.surefire.booter.ForkedBooter.runSuitesInProcess(ForkedBooter.java:115)
	at org.apache.maven.surefire.booter.ForkedBooter.main(ForkedBooter.java:75)

testWrongRedirectUri(org.springframework.security.oauth2.provider.AuthorizationCodeProviderTests)  Time elapsed: 0.007 sec  <<< ERROR!
org.springframework.security.oauth2.client.resource.UserRedirectRequiredException: A redirect is required to get the users approval
	at org.springframework.security.oauth2.client.token.grant.code.AuthorizationCodeAccessTokenProvider.getRedirectForAuthorization(AuthorizationCodeAccessTokenProvider.java:358)
	at org.springframework.security.oauth2.client.token.grant.code.AuthorizationCodeAccessTokenProvider.obtainAccessToken(AuthorizationCodeAccessTokenProvider.java:205)
	at org.springframework.security.oauth2.client.OAuth2RestTemplate.acquireAccessToken(OAuth2RestTemplate.java:221)
	at org.springframework.security.oauth2.client.OAuth2RestTemplate.getAccessToken(OAuth2RestTemplate.java:173)
	at org.springframework.security.oauth2.client.OAuth2RestTemplate.createRequest(OAuth2RestTemplate.java:105)
	at org.springframework.web.client.RestTemplate.doExecute(RestTemplate.java:547)
	at org.springframework.security.oauth2.client.OAuth2RestTemplate.doExecute(OAuth2RestTemplate.java:128)
	at org.springframework.web.client.RestTemplate.execute(RestTemplate.java:512)
	at org.springframework.web.client.RestTemplate.exchange(RestTemplate.java:454)
	at org.springframework.security.oauth2.provider.ServerRunning.getForString(ServerRunning.java:274)
	at org.springframework.security.oauth2.provider.ServerRunning.getForString(ServerRunning.java:270)
	at org.springframework.security.oauth2.provider.AuthorizationCodeProviderTests.loginAndGrabCookie(AuthorizationCodeProviderTests.java:369)
	at org.springframework.security.oauth2.provider.AuthorizationCodeProviderTests.approveAccessTokenGrant(AuthorizationCodeProviderTests.java:400)
	at org.springframework.security.oauth2.provider.AuthorizationCodeProviderTests.testWrongRedirectUri(AuthorizationCodeProviderTests.java:170)
	at sun.reflect.NativeMethodAccessorImpl.invoke0(Native Method)
	at sun.reflect.NativeMethodAccessorImpl.invoke(NativeMethodAccessorImpl.java:62)
	at sun.reflect.DelegatingMethodAccessorImpl.invoke(DelegatingMethodAccessorImpl.java:43)
	at java.lang.reflect.Method.invoke(Method.java:498)
	at org.junit.runners.model.FrameworkMethod$1.runReflectiveCall(FrameworkMethod.java:47)
	at org.junit.internal.runners.model.ReflectiveCallable.run(ReflectiveCallable.java:12)
	at org.junit.runners.model.FrameworkMethod.invokeExplosively(FrameworkMethod.java:44)
	at org.junit.internal.runners.statements.InvokeMethod.evaluate(InvokeMethod.java:17)
	at org.springframework.security.oauth2.provider.ServerRunning$1.evaluate(ServerRunning.java:175)
	at org.junit.rules.TestWatchman$1.evaluate(TestWatchman.java:53)
	at org.junit.runners.ParentRunner.runLeaf(ParentRunner.java:271)
	at org.junit.runners.BlockJUnit4ClassRunner.runChild(BlockJUnit4ClassRunner.java:70)
	at org.junit.runners.BlockJUnit4ClassRunner.runChild(BlockJUnit4ClassRunner.java:50)
	at org.junit.runners.ParentRunner$3.run(ParentRunner.java:238)
	at org.junit.runners.ParentRunner$1.schedule(ParentRunner.java:63)
	at org.junit.runners.ParentRunner.runChildren(ParentRunner.java:236)
	at org.junit.runners.ParentRunner.access$000(ParentRunner.java:53)
	at org.junit.runners.ParentRunner$2.evaluate(ParentRunner.java:229)
	at org.junit.runners.ParentRunner.run(ParentRunner.java:309)
	at org.apache.maven.surefire.junit4.JUnit4Provider.execute(JUnit4Provider.java:252)
	at org.apache.maven.surefire.junit4.JUnit4Provider.executeTestSet(JUnit4Provider.java:141)
	at org.apache.maven.surefire.junit4.JUnit4Provider.invoke(JUnit4Provider.java:112)
	at sun.reflect.NativeMethodAccessorImpl.invoke0(Native Method)
	at sun.reflect.NativeMethodAccessorImpl.invoke(NativeMethodAccessorImpl.java:62)
	at sun.reflect.DelegatingMethodAccessorImpl.invoke(DelegatingMethodAccessorImpl.java:43)
	at java.lang.reflect.Method.invoke(Method.java:498)
	at org.apache.maven.surefire.util.ReflectionUtils.invokeMethodWithArray(ReflectionUtils.java:189)
	at org.apache.maven.surefire.booter.ProviderFactory$ProviderProxy.invoke(ProviderFactory.java:165)
	at org.apache.maven.surefire.booter.ProviderFactory.invokeProvider(ProviderFactory.java:85)
	at org.apache.maven.surefire.booter.ForkedBooter.runSuitesInProcess(ForkedBooter.java:115)
	at org.apache.maven.surefire.booter.ForkedBooter.main(ForkedBooter.java:75)

testRegisteredRedirectWithWrongOneInTokenEndpoint(org.springframework.security.oauth2.provider.AuthorizationCodeProviderTests)  Time elapsed: 0.006 sec  <<< ERROR!
org.springframework.security.oauth2.client.resource.UserRedirectRequiredException: A redirect is required to get the users approval
	at org.springframework.security.oauth2.client.token.grant.code.AuthorizationCodeAccessTokenProvider.getRedirectForAuthorization(AuthorizationCodeAccessTokenProvider.java:358)
	at org.springframework.security.oauth2.client.token.grant.code.AuthorizationCodeAccessTokenProvider.obtainAccessToken(AuthorizationCodeAccessTokenProvider.java:205)
	at org.springframework.security.oauth2.client.OAuth2RestTemplate.acquireAccessToken(OAuth2RestTemplate.java:221)
	at org.springframework.security.oauth2.client.OAuth2RestTemplate.getAccessToken(OAuth2RestTemplate.java:173)
	at org.springframework.security.oauth2.client.OAuth2RestTemplate.createRequest(OAuth2RestTemplate.java:105)
	at org.springframework.web.client.RestTemplate.doExecute(RestTemplate.java:547)
	at org.springframework.security.oauth2.client.OAuth2RestTemplate.doExecute(OAuth2RestTemplate.java:128)
	at org.springframework.web.client.RestTemplate.execute(RestTemplate.java:512)
	at org.springframework.web.client.RestTemplate.exchange(RestTemplate.java:454)
	at org.springframework.security.oauth2.provider.ServerRunning.getForString(ServerRunning.java:274)
	at org.springframework.security.oauth2.provider.ServerRunning.getForString(ServerRunning.java:270)
	at org.springframework.security.oauth2.provider.AuthorizationCodeProviderTests.loginAndGrabCookie(AuthorizationCodeProviderTests.java:369)
	at org.springframework.security.oauth2.provider.AuthorizationCodeProviderTests.approveAccessTokenGrant(AuthorizationCodeProviderTests.java:400)
	at org.springframework.security.oauth2.provider.AuthorizationCodeProviderTests.testRegisteredRedirectWithWrongOneInTokenEndpoint(AuthorizationCodeProviderTests.java:332)
	at sun.reflect.NativeMethodAccessorImpl.invoke0(Native Method)
	at sun.reflect.NativeMethodAccessorImpl.invoke(NativeMethodAccessorImpl.java:62)
	at sun.reflect.DelegatingMethodAccessorImpl.invoke(DelegatingMethodAccessorImpl.java:43)
	at java.lang.reflect.Method.invoke(Method.java:498)
	at org.junit.runners.model.FrameworkMethod$1.runReflectiveCall(FrameworkMethod.java:47)
	at org.junit.internal.runners.model.ReflectiveCallable.run(ReflectiveCallable.java:12)
	at org.junit.runners.model.FrameworkMethod.invokeExplosively(FrameworkMethod.java:44)
	at org.junit.internal.runners.statements.InvokeMethod.evaluate(InvokeMethod.java:17)
	at org.springframework.security.oauth2.provider.ServerRunning$1.evaluate(ServerRunning.java:175)
	at org.junit.rules.TestWatchman$1.evaluate(TestWatchman.java:53)
	at org.junit.runners.ParentRunner.runLeaf(ParentRunner.java:271)
	at org.junit.runners.BlockJUnit4ClassRunner.runChild(BlockJUnit4ClassRunner.java:70)
	at org.junit.runners.BlockJUnit4ClassRunner.runChild(BlockJUnit4ClassRunner.java:50)
	at org.junit.runners.ParentRunner$3.run(ParentRunner.java:238)
	at org.junit.runners.ParentRunner$1.schedule(ParentRunner.java:63)
	at org.junit.runners.ParentRunner.runChildren(ParentRunner.java:236)
	at org.junit.runners.ParentRunner.access$000(ParentRunner.java:53)
	at org.junit.runners.ParentRunner$2.evaluate(ParentRunner.java:229)
	at org.junit.runners.ParentRunner.run(ParentRunner.java:309)
	at org.apache.maven.surefire.junit4.JUnit4Provider.execute(JUnit4Provider.java:252)
	at org.apache.maven.surefire.junit4.JUnit4Provider.executeTestSet(JUnit4Provider.java:141)
	at org.apache.maven.surefire.junit4.JUnit4Provider.invoke(JUnit4Provider.java:112)
	at sun.reflect.NativeMethodAccessorImpl.invoke0(Native Method)
	at sun.reflect.NativeMethodAccessorImpl.invoke(NativeMethodAccessorImpl.java:62)
	at sun.reflect.DelegatingMethodAccessorImpl.invoke(DelegatingMethodAccessorImpl.java:43)
	at java.lang.reflect.Method.invoke(Method.java:498)
	at org.apache.maven.surefire.util.ReflectionUtils.invokeMethodWithArray(ReflectionUtils.java:189)
	at org.apache.maven.surefire.booter.ProviderFactory$ProviderProxy.invoke(ProviderFactory.java:165)
	at org.apache.maven.surefire.booter.ProviderFactory.invokeProvider(ProviderFactory.java:85)
	at org.apache.maven.surefire.booter.ForkedBooter.runSuitesInProcess(ForkedBooter.java:115)
	at org.apache.maven.surefire.booter.ForkedBooter.main(ForkedBooter.java:75)

testSuccessfulFlowWithRegisteredRedirect(org.springframework.security.oauth2.provider.AuthorizationCodeProviderTests)  Time elapsed: 0.008 sec  <<< ERROR!
org.springframework.security.oauth2.client.resource.UserRedirectRequiredException: A redirect is required to get the users approval
	at org.springframework.security.oauth2.client.token.grant.code.AuthorizationCodeAccessTokenProvider.getRedirectForAuthorization(AuthorizationCodeAccessTokenProvider.java:358)
	at org.springframework.security.oauth2.client.token.grant.code.AuthorizationCodeAccessTokenProvider.obtainAccessToken(AuthorizationCodeAccessTokenProvider.java:205)
	at org.springframework.security.oauth2.client.OAuth2RestTemplate.acquireAccessToken(OAuth2RestTemplate.java:221)
	at org.springframework.security.oauth2.client.OAuth2RestTemplate.getAccessToken(OAuth2RestTemplate.java:173)
	at org.springframework.security.oauth2.client.OAuth2RestTemplate.createRequest(OAuth2RestTemplate.java:105)
	at org.springframework.web.client.RestTemplate.doExecute(RestTemplate.java:547)
	at org.springframework.security.oauth2.client.OAuth2RestTemplate.doExecute(OAuth2RestTemplate.java:128)
	at org.springframework.web.client.RestTemplate.execute(RestTemplate.java:512)
	at org.springframework.web.client.RestTemplate.exchange(RestTemplate.java:454)
	at org.springframework.security.oauth2.provider.ServerRunning.getForString(ServerRunning.java:274)
	at org.springframework.security.oauth2.provider.ServerRunning.getForString(ServerRunning.java:270)
	at org.springframework.security.oauth2.provider.AuthorizationCodeProviderTests.loginAndGrabCookie(AuthorizationCodeProviderTests.java:369)
	at org.springframework.security.oauth2.provider.AuthorizationCodeProviderTests.approveAccessTokenGrant(AuthorizationCodeProviderTests.java:400)
	at org.springframework.security.oauth2.provider.AuthorizationCodeProviderTests.testSuccessfulFlowWithRegisteredRedirect(AuthorizationCodeProviderTests.java:244)
	at sun.reflect.NativeMethodAccessorImpl.invoke0(Native Method)
	at sun.reflect.NativeMethodAccessorImpl.invoke(NativeMethodAccessorImpl.java:62)
	at sun.reflect.DelegatingMethodAccessorImpl.invoke(DelegatingMethodAccessorImpl.java:43)
	at java.lang.reflect.Method.invoke(Method.java:498)
	at org.junit.runners.model.FrameworkMethod$1.runReflectiveCall(FrameworkMethod.java:47)
	at org.junit.internal.runners.model.ReflectiveCallable.run(ReflectiveCallable.java:12)
	at org.junit.runners.model.FrameworkMethod.invokeExplosively(FrameworkMethod.java:44)
	at org.junit.internal.runners.statements.InvokeMethod.evaluate(InvokeMethod.java:17)
	at org.springframework.security.oauth2.provider.ServerRunning$1.evaluate(ServerRunning.java:175)
	at org.junit.rules.TestWatchman$1.evaluate(TestWatchman.java:53)
	at org.junit.runners.ParentRunner.runLeaf(ParentRunner.java:271)
	at org.junit.runners.BlockJUnit4ClassRunner.runChild(BlockJUnit4ClassRunner.java:70)
	at org.junit.runners.BlockJUnit4ClassRunner.runChild(BlockJUnit4ClassRunner.java:50)
	at org.junit.runners.ParentRunner$3.run(ParentRunner.java:238)
	at org.junit.runners.ParentRunner$1.schedule(ParentRunner.java:63)
	at org.junit.runners.ParentRunner.runChildren(ParentRunner.java:236)
	at org.junit.runners.ParentRunner.access$000(ParentRunner.java:53)
	at org.junit.runners.ParentRunner$2.evaluate(ParentRunner.java:229)
	at org.junit.runners.ParentRunner.run(ParentRunner.java:309)
	at org.apache.maven.surefire.junit4.JUnit4Provider.execute(JUnit4Provider.java:252)
	at org.apache.maven.surefire.junit4.JUnit4Provider.executeTestSet(JUnit4Provider.java:141)
	at org.apache.maven.surefire.junit4.JUnit4Provider.invoke(JUnit4Provider.java:112)
	at sun.reflect.NativeMethodAccessorImpl.invoke0(Native Method)
	at sun.reflect.NativeMethodAccessorImpl.invoke(NativeMethodAccessorImpl.java:62)
	at sun.reflect.DelegatingMethodAccessorImpl.invoke(DelegatingMethodAccessorImpl.java:43)
	at java.lang.reflect.Method.invoke(Method.java:498)
	at org.apache.maven.surefire.util.ReflectionUtils.invokeMethodWithArray(ReflectionUtils.java:189)
	at org.apache.maven.surefire.booter.ProviderFactory$ProviderProxy.invoke(ProviderFactory.java:165)
	at org.apache.maven.surefire.booter.ProviderFactory.invokeProvider(ProviderFactory.java:85)
	at org.apache.maven.surefire.booter.ForkedBooter.runSuitesInProcess(ForkedBooter.java:115)
	at org.apache.maven.surefire.booter.ForkedBooter.main(ForkedBooter.java:75)

testSuccessfulAuthorizationCodeFlow(org.springframework.security.oauth2.provider.AuthorizationCodeProviderTests)  Time elapsed: 0.006 sec  <<< ERROR!
org.springframework.security.oauth2.client.resource.UserRedirectRequiredException: A redirect is required to get the users approval
	at org.springframework.security.oauth2.client.token.grant.code.AuthorizationCodeAccessTokenProvider.getRedirectForAuthorization(AuthorizationCodeAccessTokenProvider.java:358)
	at org.springframework.security.oauth2.client.token.grant.code.AuthorizationCodeAccessTokenProvider.obtainAccessToken(AuthorizationCodeAccessTokenProvider.java:205)
	at org.springframework.security.oauth2.client.OAuth2RestTemplate.acquireAccessToken(OAuth2RestTemplate.java:221)
	at org.springframework.security.oauth2.client.OAuth2RestTemplate.getAccessToken(OAuth2RestTemplate.java:173)
	at org.springframework.security.oauth2.client.OAuth2RestTemplate.createRequest(OAuth2RestTemplate.java:105)
	at org.springframework.web.client.RestTemplate.doExecute(RestTemplate.java:547)
	at org.springframework.security.oauth2.client.OAuth2RestTemplate.doExecute(OAuth2RestTemplate.java:128)
	at org.springframework.web.client.RestTemplate.execute(RestTemplate.java:512)
	at org.springframework.web.client.RestTemplate.exchange(RestTemplate.java:454)
	at org.springframework.security.oauth2.provider.ServerRunning.getForString(ServerRunning.java:274)
	at org.springframework.security.oauth2.provider.ServerRunning.getForString(ServerRunning.java:270)
	at org.springframework.security.oauth2.provider.AuthorizationCodeProviderTests.loginAndGrabCookie(AuthorizationCodeProviderTests.java:369)
	at org.springframework.security.oauth2.provider.AuthorizationCodeProviderTests.approveAccessTokenGrant(AuthorizationCodeProviderTests.java:400)
	at org.springframework.security.oauth2.provider.AuthorizationCodeProviderTests.testSuccessfulAuthorizationCodeFlow(AuthorizationCodeProviderTests.java:156)
	at sun.reflect.NativeMethodAccessorImpl.invoke0(Native Method)
	at sun.reflect.NativeMethodAccessorImpl.invoke(NativeMethodAccessorImpl.java:62)
	at sun.reflect.DelegatingMethodAccessorImpl.invoke(DelegatingMethodAccessorImpl.java:43)
	at java.lang.reflect.Method.invoke(Method.java:498)
	at org.junit.runners.model.FrameworkMethod$1.runReflectiveCall(FrameworkMethod.java:47)
	at org.junit.internal.runners.model.ReflectiveCallable.run(ReflectiveCallable.java:12)
	at org.junit.runners.model.FrameworkMethod.invokeExplosively(FrameworkMethod.java:44)
	at org.junit.internal.runners.statements.InvokeMethod.evaluate(InvokeMethod.java:17)
	at org.springframework.security.oauth2.provider.ServerRunning$1.evaluate(ServerRunning.java:175)
	at org.junit.rules.TestWatchman$1.evaluate(TestWatchman.java:53)
	at org.junit.runners.ParentRunner.runLeaf(ParentRunner.java:271)
	at org.junit.runners.BlockJUnit4ClassRunner.runChild(BlockJUnit4ClassRunner.java:70)
	at org.junit.runners.BlockJUnit4ClassRunner.runChild(BlockJUnit4ClassRunner.java:50)
	at org.junit.runners.ParentRunner$3.run(ParentRunner.java:238)
	at org.junit.runners.ParentRunner$1.schedule(ParentRunner.java:63)
	at org.junit.runners.ParentRunner.runChildren(ParentRunner.java:236)
	at org.junit.runners.ParentRunner.access$000(ParentRunner.java:53)
	at org.junit.runners.ParentRunner$2.evaluate(ParentRunner.java:229)
	at org.junit.runners.ParentRunner.run(ParentRunner.java:309)
	at org.apache.maven.surefire.junit4.JUnit4Provider.execute(JUnit4Provider.java:252)
	at org.apache.maven.surefire.junit4.JUnit4Provider.executeTestSet(JUnit4Provider.java:141)
	at org.apache.maven.surefire.junit4.JUnit4Provider.invoke(JUnit4Provider.java:112)
	at sun.reflect.NativeMethodAccessorImpl.invoke0(Native Method)
	at sun.reflect.NativeMethodAccessorImpl.invoke(NativeMethodAccessorImpl.java:62)
	at sun.reflect.DelegatingMethodAccessorImpl.invoke(DelegatingMethodAccessorImpl.java:43)
	at java.lang.reflect.Method.invoke(Method.java:498)
	at org.apache.maven.surefire.util.ReflectionUtils.invokeMethodWithArray(ReflectionUtils.java:189)
	at org.apache.maven.surefire.booter.ProviderFactory$ProviderProxy.invoke(ProviderFactory.java:165)
	at org.apache.maven.surefire.booter.ProviderFactory.invokeProvider(ProviderFactory.java:85)
	at org.apache.maven.surefire.booter.ForkedBooter.runSuitesInProcess(ForkedBooter.java:115)
	at org.apache.maven.surefire.booter.ForkedBooter.main(ForkedBooter.java:75)

