-------------------------------------------------------------------------------
Test set: org.springframework.security.oauth2.provider.AdminEndpointsTests
-------------------------------------------------------------------------------
Tests run: 6, Failures: 0, Errors: 2, Skipped: 0, Time elapsed: 1.08 sec <<< FAILURE!
testCannotListTokensOfAnotherUser(org.springframework.security.oauth2.provider.AdminEndpointsTests)  Time elapsed: 0.106 sec  <<< ERROR!
error="access_denied", error_description="User &#39;marissa&#39; cannot obtain tokens for user &#39;foo&#39;"
	at org.springframework.security.oauth2.client.http.OAuth2ErrorHandler.handleError(OAuth2ErrorHandler.java:134)
	at org.springframework.web.client.RestTemplate.handleResponseError(RestTemplate.java:598)
	at org.springframework.web.client.RestTemplate.doExecute(RestTemplate.java:556)
	at org.springframework.security.oauth2.client.OAuth2RestTemplate.doExecute(OAuth2RestTemplate.java:143)
	at org.springframework.web.client.RestTemplate.execute(RestTemplate.java:520)
	at org.springframework.web.client.RestTemplate.exchange(RestTemplate.java:463)
	at org.springframework.security.oauth2.provider.ServerRunning.getForResponse(ServerRunning.java:284)
	at org.springframework.security.oauth2.provider.ServerRunning.getForResponse(ServerRunning.java:288)
	at org.springframework.security.oauth2.provider.ServerRunning.getStatusCode(ServerRunning.java:292)
	at org.springframework.security.oauth2.provider.ServerRunning.getStatusCode(ServerRunning.java:297)
	at org.springframework.security.oauth2.provider.AdminEndpointsTests.testCannotListTokensOfAnotherUser(AdminEndpointsTests.java:95)
	at sun.reflect.NativeMethodAccessorImpl.invoke0(Native Method)
	at sun.reflect.NativeMethodAccessorImpl.invoke(NativeMethodAccessorImpl.java:62)
	at sun.reflect.DelegatingMethodAccessorImpl.invoke(DelegatingMethodAccessorImpl.java:43)
	at java.lang.reflect.Method.invoke(Method.java:498)
	at org.junit.runners.model.FrameworkMethod$1.runReflectiveCall(FrameworkMethod.java:47)
	at org.junit.internal.runners.model.ReflectiveCallable.run(ReflectiveCallable.java:12)
	at org.junit.runners.model.FrameworkMethod.invokeExplosively(FrameworkMethod.java:44)
	at org.junit.internal.runners.statements.InvokeMethod.evaluate(InvokeMethod.java:17)
	at org.springframework.security.oauth2.provider.ServerRunning$1.evaluate(ServerRunning.java:175)
	at org.junit.rules.TestWatchman$1.evaluate(TestWatchman.java:53)
	at org.junit.runners.ParentRunner.runLeaf(ParentRunner.java:271)
	at org.junit.runners.BlockJUnit4ClassRunner.runChild(BlockJUnit4ClassRunner.java:70)
	at org.junit.runners.BlockJUnit4ClassRunner.runChild(BlockJUnit4ClassRunner.java:50)
	at org.junit.runners.ParentRunner$3.run(ParentRunner.java:238)
	at org.junit.runners.ParentRunner$1.schedule(ParentRunner.java:63)
	at org.junit.runners.ParentRunner.runChildren(ParentRunner.java:236)
	at org.junit.runners.ParentRunner.access$000(ParentRunner.java:53)
	at org.junit.runners.ParentRunner$2.evaluate(ParentRunner.java:229)
	at org.junit.runners.ParentRunner.run(ParentRunner.java:309)
	at org.apache.maven.surefire.junit4.JUnit4Provider.execute(JUnit4Provider.java:252)
	at org.apache.maven.surefire.junit4.JUnit4Provider.executeTestSet(JUnit4Provider.java:141)
	at org.apache.maven.surefire.junit4.JUnit4Provider.invoke(JUnit4Provider.java:112)
	at sun.reflect.NativeMethodAccessorImpl.invoke0(Native Method)
	at sun.reflect.NativeMethodAccessorImpl.invoke(NativeMethodAccessorImpl.java:62)
	at sun.reflect.DelegatingMethodAccessorImpl.invoke(DelegatingMethodAccessorImpl.java:43)
	at java.lang.reflect.Method.invoke(Method.java:498)
	at org.apache.maven.surefire.util.ReflectionUtils.invokeMethodWithArray(ReflectionUtils.java:189)
	at org.apache.maven.surefire.booter.ProviderFactory$ProviderProxy.invoke(ProviderFactory.java:165)
	at org.apache.maven.surefire.booter.ProviderFactory.invokeProvider(ProviderFactory.java:85)
	at org.apache.maven.surefire.booter.ForkedBooter.runSuitesInProcess(ForkedBooter.java:115)
	at org.apache.maven.surefire.booter.ForkedBooter.main(ForkedBooter.java:75)

testUserCannotListTokensOfClient(org.springframework.security.oauth2.provider.AdminEndpointsTests)  Time elapsed: 0.044 sec  <<< ERROR!
error="access_denied", error_description="Access is denied"
	at org.springframework.security.oauth2.client.http.OAuth2ErrorHandler.handleError(OAuth2ErrorHandler.java:134)
	at org.springframework.web.client.RestTemplate.handleResponseError(RestTemplate.java:598)
	at org.springframework.web.client.RestTemplate.doExecute(RestTemplate.java:556)
	at org.springframework.security.oauth2.client.OAuth2RestTemplate.doExecute(OAuth2RestTemplate.java:143)
	at org.springframework.web.client.RestTemplate.execute(RestTemplate.java:520)
	at org.springframework.web.client.RestTemplate.exchange(RestTemplate.java:463)
	at org.springframework.security.oauth2.provider.ServerRunning.getForResponse(ServerRunning.java:284)
	at org.springframework.security.oauth2.provider.ServerRunning.getForResponse(ServerRunning.java:288)
	at org.springframework.security.oauth2.provider.ServerRunning.getStatusCode(ServerRunning.java:292)
	at org.springframework.security.oauth2.provider.ServerRunning.getStatusCode(ServerRunning.java:297)
	at org.springframework.security.oauth2.provider.AdminEndpointsTests.testUserCannotListTokensOfClient(AdminEndpointsTests.java:116)
	at sun.reflect.NativeMethodAccessorImpl.invoke0(Native Method)
	at sun.reflect.NativeMethodAccessorImpl.invoke(NativeMethodAccessorImpl.java:62)
	at sun.reflect.DelegatingMethodAccessorImpl.invoke(DelegatingMethodAccessorImpl.java:43)
	at java.lang.reflect.Method.invoke(Method.java:498)
	at org.junit.runners.model.FrameworkMethod$1.runReflectiveCall(FrameworkMethod.java:47)
	at org.junit.internal.runners.model.ReflectiveCallable.run(ReflectiveCallable.java:12)
	at org.junit.runners.model.FrameworkMethod.invokeExplosively(FrameworkMethod.java:44)
	at org.junit.internal.runners.statements.InvokeMethod.evaluate(InvokeMethod.java:17)
	at org.springframework.security.oauth2.provider.ServerRunning$1.evaluate(ServerRunning.java:175)
	at org.junit.rules.TestWatchman$1.evaluate(TestWatchman.java:53)
	at org.junit.runners.ParentRunner.runLeaf(ParentRunner.java:271)
	at org.junit.runners.BlockJUnit4ClassRunner.runChild(BlockJUnit4ClassRunner.java:70)
	at org.junit.runners.BlockJUnit4ClassRunner.runChild(BlockJUnit4ClassRunner.java:50)
	at org.junit.runners.ParentRunner$3.run(ParentRunner.java:238)
	at org.junit.runners.ParentRunner$1.schedule(ParentRunner.java:63)
	at org.junit.runners.ParentRunner.runChildren(ParentRunner.java:236)
	at org.junit.runners.ParentRunner.access$000(ParentRunner.java:53)
	at org.junit.runners.ParentRunner$2.evaluate(ParentRunner.java:229)
	at org.junit.runners.ParentRunner.run(ParentRunner.java:309)
	at org.apache.maven.surefire.junit4.JUnit4Provider.execute(JUnit4Provider.java:252)
	at org.apache.maven.surefire.junit4.JUnit4Provider.executeTestSet(JUnit4Provider.java:141)
	at org.apache.maven.surefire.junit4.JUnit4Provider.invoke(JUnit4Provider.java:112)
	at sun.reflect.NativeMethodAccessorImpl.invoke0(Native Method)
	at sun.reflect.NativeMethodAccessorImpl.invoke(NativeMethodAccessorImpl.java:62)
	at sun.reflect.DelegatingMethodAccessorImpl.invoke(DelegatingMethodAccessorImpl.java:43)
	at java.lang.reflect.Method.invoke(Method.java:498)
	at org.apache.maven.surefire.util.ReflectionUtils.invokeMethodWithArray(ReflectionUtils.java:189)
	at org.apache.maven.surefire.booter.ProviderFactory$ProviderProxy.invoke(ProviderFactory.java:165)
	at org.apache.maven.surefire.booter.ProviderFactory.invokeProvider(ProviderFactory.java:85)
	at org.apache.maven.surefire.booter.ForkedBooter.runSuitesInProcess(ForkedBooter.java:115)
	at org.apache.maven.surefire.booter.ForkedBooter.main(ForkedBooter.java:75)

