<?xml version="1.0" encoding="UTF-8" ?>
<testsuite tests="3" failures="0" name="org.springframework.security.oauth2.provider.ClientCredentialsProviderTests" time="0.039" errors="0" skipped="0">
  <properties>
[...]
</properties>
  <testcase classname="org.springframework.security.oauth2.provider.ClientCredentialsProviderTests" name="testPostForTokenWithNoScopes" time="0.014"/>
  <testcase classname="org.springframework.security.oauth2.provider.ClientCredentialsProviderTests" name="testPostForToken" time="0.012"/>
  <testcase classname="org.springframework.security.oauth2.provider.ClientCredentialsProviderTests" name="testInvalidCredentials" time="0.013"/>
</testsuite>