<?xml version="1.0" encoding="UTF-8" ?>
<testsuite tests="6" failures="0" name="org.springframework.security.oauth2.provider.AdminEndpointsTests" time="0.25" errors="2" skipped="0">
  <properties>
[...]
</properties>
  <testcase classname="org.springframework.security.oauth2.provider.AdminEndpointsTests" name="testCannotListTokensOfAnotherUser" time="0.106">
    <error message="User &amp;#39;marissa&amp;#39; cannot obtain tokens for user &amp;#39;foo&amp;#39;" type="error=&quot;access_denied&quot;, error_description=&quot;User &amp;#39;marissa&amp;#39; cannot obtain tokens for user &amp;#39;foo&amp;#39;&quot;
	at org.springframework.security.oauth2.client.http.OAuth2ErrorHandler.handleError(OAuth2ErrorHandler.java">error=&quot;access_denied&quot;, error_description=&quot;User &amp;#39;marissa&amp;#39; cannot obtain tokens for user &amp;#39;foo&amp;#39;&quot;
	at org.springframework.security.oauth2.client.http.OAuth2ErrorHandler.handleError(OAuth2ErrorHandler.java:134)
	at org.springframework.web.client.RestTemplate.handleResponseError(RestTemplate.java:598)
	at org.springframework.web.client.RestTemplate.doExecute(RestTemplate.java:556)
	at org.springframework.security.oauth2.client.OAuth2RestTemplate.doExecute(OAuth2RestTemplate.java:143)
	at org.springframework.web.client.RestTemplate.execute(RestTemplate.java:520)
	at org.springframework.web.client.RestTemplate.exchange(RestTemplate.java:463)
	at org.springframework.security.oauth2.provider.ServerRunning.getForResponse(ServerRunning.java:284)
	at org.springframework.security.oauth2.provider.ServerRunning.getForResponse(ServerRunning.java:288)
	at org.springframework.security.oauth2.provider.ServerRunning.getStatusCode(ServerRunning.java:292)
	at org.springframework.security.oauth2.provider.ServerRunning.getStatusCode(ServerRunning.java:297)
	at org.springframework.security.oauth2.provider.AdminEndpointsTests.testCannotListTokensOfAnotherUser(AdminEndpointsTests.java:95)
	at sun.reflect.NativeMethodAccessorImpl.invoke0(Native Method)
	at sun.reflect.NativeMethodAccessorImpl.invoke(NativeMethodAccessorImpl.java:62)
	at sun.reflect.DelegatingMethodAccessorImpl.invoke(DelegatingMethodAccessorImpl.java:43)
	at java.lang.reflect.Method.invoke(Method.java:498)
	at org.junit.runners.model.FrameworkMethod$1.runReflectiveCall(FrameworkMethod.java:47)
	at org.junit.internal.runners.model.ReflectiveCallable.run(ReflectiveCallable.java:12)
	at org.junit.runners.model.FrameworkMethod.invokeExplosively(FrameworkMethod.java:44)
	at org.junit.internal.runners.statements.InvokeMethod.evaluate(InvokeMethod.java:17)
	at org.springframework.security.oauth2.provider.ServerRunning$1.evaluate(ServerRunning.java:175)
	at org.junit.rules.TestWatchman$1.evaluate(TestWatchman.java:53)
	at org.junit.runners.ParentRunner.runLeaf(ParentRunner.java:271)
	at org.junit.runners.BlockJUnit4ClassRunner.runChild(BlockJUnit4ClassRunner.java:70)
	at org.junit.runners.BlockJUnit4ClassRunner.runChild(BlockJUnit4ClassRunner.java:50)
	at org.junit.runners.ParentRunner$3.run(ParentRunner.java:238)
	at org.junit.runners.ParentRunner$1.schedule(ParentRunner.java:63)
	at org.junit.runners.ParentRunner.runChildren(ParentRunner.java:236)
	at org.junit.runners.ParentRunner.access$000(ParentRunner.java:53)
	at org.junit.runners.ParentRunner$2.evaluate(ParentRunner.java:229)
	at org.junit.runners.ParentRunner.run(ParentRunner.java:309)
	at org.apache.maven.surefire.junit4.JUnit4Provider.execute(JUnit4Provider.java:252)
	at org.apache.maven.surefire.junit4.JUnit4Provider.executeTestSet(JUnit4Provider.java:141)
	at org.apache.maven.surefire.junit4.JUnit4Provider.invoke(JUnit4Provider.java:112)
	at sun.reflect.NativeMethodAccessorImpl.invoke0(Native Method)
	at sun.reflect.NativeMethodAccessorImpl.invoke(NativeMethodAccessorImpl.java:62)
	at sun.reflect.DelegatingMethodAccessorImpl.invoke(DelegatingMethodAccessorImpl.java:43)
	at java.lang.reflect.Method.invoke(Method.java:498)
	at org.apache.maven.surefire.util.ReflectionUtils.invokeMethodWithArray(ReflectionUtils.java:189)
	at org.apache.maven.surefire.booter.ProviderFactory$ProviderProxy.invoke(ProviderFactory.java:165)
	at org.apache.maven.surefire.booter.ProviderFactory.invokeProvider(ProviderFactory.java:85)
	at org.apache.maven.surefire.booter.ForkedBooter.runSuitesInProcess(ForkedBooter.java:115)
	at org.apache.maven.surefire.booter.ForkedBooter.main(ForkedBooter.java:75)
</error>
    <system-err>[WARN] OAuth2RestTemplate - GET request for &quot;http://localhost:8080/sparklr2/oauth/clients/my-client-with-registered-redirect/users/foo/tokens&quot; resulted in 403 (null); invoking error handler
[WARN] OAuth2RestTemplate - GET request for &quot;http://localhost:8080/sparklr2/oauth/clients/my-client-with-registered-redirect/users/foo/tokens&quot; resulted in 403 (null); invoking error handler
</system-err>
  </testcase>
  <testcase classname="org.springframework.security.oauth2.provider.AdminEndpointsTests" name="testListTokensByUser" time="0.019"/>
  <testcase classname="org.springframework.security.oauth2.provider.AdminEndpointsTests" name="testListTokensByClient" time="0.025"/>
  <testcase classname="org.springframework.security.oauth2.provider.AdminEndpointsTests" name="testUserCannotListTokensOfClient" time="0.044">
    <error message="Access is denied" type="error=&quot;access_denied&quot;, error_description=&quot;Access is denied&quot;
	at org.springframework.security.oauth2.client.http.OAuth2ErrorHandler.handleError(OAuth2ErrorHandler.java">error=&quot;access_denied&quot;, error_description=&quot;Access is denied&quot;
	at org.springframework.security.oauth2.client.http.OAuth2ErrorHandler.handleError(OAuth2ErrorHandler.java:134)
	at org.springframework.web.client.RestTemplate.handleResponseError(RestTemplate.java:598)
	at org.springframework.web.client.RestTemplate.doExecute(RestTemplate.java:556)
	at org.springframework.security.oauth2.client.OAuth2RestTemplate.doExecute(OAuth2RestTemplate.java:143)
	at org.springframework.web.client.RestTemplate.execute(RestTemplate.java:520)
	at org.springframework.web.client.RestTemplate.exchange(RestTemplate.java:463)
	at org.springframework.security.oauth2.provider.ServerRunning.getForResponse(ServerRunning.java:284)
	at org.springframework.security.oauth2.provider.ServerRunning.getForResponse(ServerRunning.java:288)
	at org.springframework.security.oauth2.provider.ServerRunning.getStatusCode(ServerRunning.java:292)
	at org.springframework.security.oauth2.provider.ServerRunning.getStatusCode(ServerRunning.java:297)
	at org.springframework.security.oauth2.provider.AdminEndpointsTests.testUserCannotListTokensOfClient(AdminEndpointsTests.java:116)
	at sun.reflect.NativeMethodAccessorImpl.invoke0(Native Method)
	at sun.reflect.NativeMethodAccessorImpl.invoke(NativeMethodAccessorImpl.java:62)
	at sun.reflect.DelegatingMethodAccessorImpl.invoke(DelegatingMethodAccessorImpl.java:43)
	at java.lang.reflect.Method.invoke(Method.java:498)
	at org.junit.runners.model.FrameworkMethod$1.runReflectiveCall(FrameworkMethod.java:47)
	at org.junit.internal.runners.model.ReflectiveCallable.run(ReflectiveCallable.java:12)
	at org.junit.runners.model.FrameworkMethod.invokeExplosively(FrameworkMethod.java:44)
	at org.junit.internal.runners.statements.InvokeMethod.evaluate(InvokeMethod.java:17)
	at org.springframework.security.oauth2.provider.ServerRunning$1.evaluate(ServerRunning.java:175)
	at org.junit.rules.TestWatchman$1.evaluate(TestWatchman.java:53)
	at org.junit.runners.ParentRunner.runLeaf(ParentRunner.java:271)
	at org.junit.runners.BlockJUnit4ClassRunner.runChild(BlockJUnit4ClassRunner.java:70)
	at org.junit.runners.BlockJUnit4ClassRunner.runChild(BlockJUnit4ClassRunner.java:50)
	at org.junit.runners.ParentRunner$3.run(ParentRunner.java:238)
	at org.junit.runners.ParentRunner$1.schedule(ParentRunner.java:63)
	at org.junit.runners.ParentRunner.runChildren(ParentRunner.java:236)
	at org.junit.runners.ParentRunner.access$000(ParentRunner.java:53)
	at org.junit.runners.ParentRunner$2.evaluate(ParentRunner.java:229)
	at org.junit.runners.ParentRunner.run(ParentRunner.java:309)
	at org.apache.maven.surefire.junit4.JUnit4Provider.execute(JUnit4Provider.java:252)
	at org.apache.maven.surefire.junit4.JUnit4Provider.executeTestSet(JUnit4Provider.java:141)
	at org.apache.maven.surefire.junit4.JUnit4Provider.invoke(JUnit4Provider.java:112)
	at sun.reflect.NativeMethodAccessorImpl.invoke0(Native Method)
	at sun.reflect.NativeMethodAccessorImpl.invoke(NativeMethodAccessorImpl.java:62)
	at sun.reflect.DelegatingMethodAccessorImpl.invoke(DelegatingMethodAccessorImpl.java:43)
	at java.lang.reflect.Method.invoke(Method.java:498)
	at org.apache.maven.surefire.util.ReflectionUtils.invokeMethodWithArray(ReflectionUtils.java:189)
	at org.apache.maven.surefire.booter.ProviderFactory$ProviderProxy.invoke(ProviderFactory.java:165)
	at org.apache.maven.surefire.booter.ProviderFactory.invokeProvider(ProviderFactory.java:85)
	at org.apache.maven.surefire.booter.ForkedBooter.runSuitesInProcess(ForkedBooter.java:115)
	at org.apache.maven.surefire.booter.ForkedBooter.main(ForkedBooter.java:75)
</error>
    <system-err>[WARN] OAuth2RestTemplate - GET request for &quot;http://localhost:8080/sparklr2/oauth/clients/my-client-with-registered-redirect/tokens&quot; resulted in 403 (null); invoking error handler
[WARN] OAuth2RestTemplate - GET request for &quot;http://localhost:8080/sparklr2/oauth/clients/my-client-with-registered-redirect/tokens&quot; resulted in 403 (null); invoking error handler
</system-err>
  </testcase>
  <testcase classname="org.springframework.security.oauth2.provider.AdminEndpointsTests" name="testClientListsTokensOfUser" time="0.017"/>
  <testcase classname="org.springframework.security.oauth2.provider.AdminEndpointsTests" name="testRevokeTokenByUser" time="0.039"/>
</testsuite>