<?xml version="1.0" encoding="UTF-8" ?>
<testsuite tests="3" failures="0" name="org.springframework.security.oauth2.provider.ImplicitProviderTests" time="0.035" errors="2" skipped="0">
  <properties>
[...]
</properties>
  <testcase classname="org.springframework.security.oauth2.provider.ImplicitProviderTests" name="testRedirectRequiredForAuthentication" time="0.009"/>
  <testcase classname="org.springframework.security.oauth2.provider.ImplicitProviderTests" name="testPostForNonAutomaticApprovalToken" time="0.013">
    <error message="A redirect is required to get the users approval" type="org.springframework.security.oauth2.client.resource.UserRedirectRequiredException">org.springframework.security.oauth2.client.resource.UserRedirectRequiredException: A redirect is required to get the users approval
	at org.springframework.security.oauth2.client.token.grant.implicit.ImplicitAccessTokenProvider.obtainAccessToken(ImplicitAccessTokenProvider.java:71)
	at org.springframework.security.oauth2.client.token.AccessTokenProviderChain.obtainNewAccessTokenInternal(AccessTokenProviderChain.java:148)
	at org.springframework.security.oauth2.client.token.AccessTokenProviderChain.obtainAccessToken(AccessTokenProviderChain.java:121)
	at org.springframework.security.oauth2.client.OAuth2RestTemplate.acquireAccessToken(OAuth2RestTemplate.java:221)
	at org.springframework.security.oauth2.client.OAuth2RestTemplate.getAccessToken(OAuth2RestTemplate.java:173)
	at org.springframework.security.oauth2.client.OAuth2RestTemplate.createRequest(OAuth2RestTemplate.java:105)
	at org.springframework.web.client.RestTemplate.doExecute(RestTemplate.java:547)
	at org.springframework.security.oauth2.client.OAuth2RestTemplate.doExecute(OAuth2RestTemplate.java:128)
	at org.springframework.web.client.RestTemplate.execute(RestTemplate.java:512)
	at org.springframework.web.client.RestTemplate.exchange(RestTemplate.java:454)
	at org.springframework.security.oauth2.provider.ServerRunning.getForString(ServerRunning.java:274)
	at org.springframework.security.oauth2.provider.ServerRunning.getForString(ServerRunning.java:270)
	at org.springframework.security.oauth2.provider.ImplicitProviderTests.loginAndExtractCookie(ImplicitProviderTests.java:44)
	at org.springframework.security.oauth2.provider.ImplicitProviderTests.testPostForNonAutomaticApprovalToken(ImplicitProviderTests.java:97)
	at sun.reflect.NativeMethodAccessorImpl.invoke0(Native Method)
	at sun.reflect.NativeMethodAccessorImpl.invoke(NativeMethodAccessorImpl.java:62)
	at sun.reflect.DelegatingMethodAccessorImpl.invoke(DelegatingMethodAccessorImpl.java:43)
	at java.lang.reflect.Method.invoke(Method.java:498)
	at org.junit.runners.model.FrameworkMethod$1.runReflectiveCall(FrameworkMethod.java:47)
	at org.junit.internal.runners.model.ReflectiveCallable.run(ReflectiveCallable.java:12)
	at org.junit.runners.model.FrameworkMethod.invokeExplosively(FrameworkMethod.java:44)
	at org.junit.internal.runners.statements.InvokeMethod.evaluate(InvokeMethod.java:17)
	at org.springframework.security.oauth2.provider.ServerRunning$1.evaluate(ServerRunning.java:175)
	at org.junit.rules.TestWatchman$1.evaluate(TestWatchman.java:53)
	at org.junit.runners.ParentRunner.runLeaf(ParentRunner.java:271)
	at org.junit.runners.BlockJUnit4ClassRunner.runChild(BlockJUnit4ClassRunner.java:70)
	at org.junit.runners.BlockJUnit4ClassRunner.runChild(BlockJUnit4ClassRunner.java:50)
	at org.junit.runners.ParentRunner$3.run(ParentRunner.java:238)
	at org.junit.runners.ParentRunner$1.schedule(ParentRunner.java:63)
	at org.junit.runners.ParentRunner.runChildren(ParentRunner.java:236)
	at org.junit.runners.ParentRunner.access$000(ParentRunner.java:53)
	at org.junit.runners.ParentRunner$2.evaluate(ParentRunner.java:229)
	at org.junit.runners.ParentRunner.run(ParentRunner.java:309)
	at org.apache.maven.surefire.junit4.JUnit4Provider.execute(JUnit4Provider.java:252)
	at org.apache.maven.surefire.junit4.JUnit4Provider.executeTestSet(JUnit4Provider.java:141)
	at org.apache.maven.surefire.junit4.JUnit4Provider.invoke(JUnit4Provider.java:112)
	at sun.reflect.NativeMethodAccessorImpl.invoke0(Native Method)
	at sun.reflect.NativeMethodAccessorImpl.invoke(NativeMethodAccessorImpl.java:62)
	at sun.reflect.DelegatingMethodAccessorImpl.invoke(DelegatingMethodAccessorImpl.java:43)
	at java.lang.reflect.Method.invoke(Method.java:498)
	at org.apache.maven.surefire.util.ReflectionUtils.invokeMethodWithArray(ReflectionUtils.java:189)
	at org.apache.maven.surefire.booter.ProviderFactory$ProviderProxy.invoke(ProviderFactory.java:165)
	at org.apache.maven.surefire.booter.ProviderFactory.invokeProvider(ProviderFactory.java:85)
	at org.apache.maven.surefire.booter.ForkedBooter.runSuitesInProcess(ForkedBooter.java:115)
	at org.apache.maven.surefire.booter.ForkedBooter.main(ForkedBooter.java:75)
</error>
  </testcase>
  <testcase classname="org.springframework.security.oauth2.provider.ImplicitProviderTests" name="testPostForAutomaticApprovalToken" time="0.013">
    <error message="A redirect is required to get the users approval" type="org.springframework.security.oauth2.client.resource.UserRedirectRequiredException">org.springframework.security.oauth2.client.resource.UserRedirectRequiredException: A redirect is required to get the users approval
	at org.springframework.security.oauth2.client.token.grant.implicit.ImplicitAccessTokenProvider.obtainAccessToken(ImplicitAccessTokenProvider.java:71)
	at org.springframework.security.oauth2.client.token.AccessTokenProviderChain.obtainNewAccessTokenInternal(AccessTokenProviderChain.java:148)
	at org.springframework.security.oauth2.client.token.AccessTokenProviderChain.obtainAccessToken(AccessTokenProviderChain.java:121)
	at org.springframework.security.oauth2.client.OAuth2RestTemplate.acquireAccessToken(OAuth2RestTemplate.java:221)
	at org.springframework.security.oauth2.client.OAuth2RestTemplate.getAccessToken(OAuth2RestTemplate.java:173)
	at org.springframework.security.oauth2.client.OAuth2RestTemplate.createRequest(OAuth2RestTemplate.java:105)
	at org.springframework.web.client.RestTemplate.doExecute(RestTemplate.java:547)
	at org.springframework.security.oauth2.client.OAuth2RestTemplate.doExecute(OAuth2RestTemplate.java:128)
	at org.springframework.web.client.RestTemplate.execute(RestTemplate.java:512)
	at org.springframework.web.client.RestTemplate.exchange(RestTemplate.java:454)
	at org.springframework.security.oauth2.provider.ServerRunning.getForString(ServerRunning.java:274)
	at org.springframework.security.oauth2.provider.ServerRunning.getForString(ServerRunning.java:270)
	at org.springframework.security.oauth2.provider.ImplicitProviderTests.loginAndExtractCookie(ImplicitProviderTests.java:44)
	at org.springframework.security.oauth2.provider.ImplicitProviderTests.testPostForAutomaticApprovalToken(ImplicitProviderTests.java:88)
	at sun.reflect.NativeMethodAccessorImpl.invoke0(Native Method)
	at sun.reflect.NativeMethodAccessorImpl.invoke(NativeMethodAccessorImpl.java:62)
	at sun.reflect.DelegatingMethodAccessorImpl.invoke(DelegatingMethodAccessorImpl.java:43)
	at java.lang.reflect.Method.invoke(Method.java:498)
	at org.junit.runners.model.FrameworkMethod$1.runReflectiveCall(FrameworkMethod.java:47)
	at org.junit.internal.runners.model.ReflectiveCallable.run(ReflectiveCallable.java:12)
	at org.junit.runners.model.FrameworkMethod.invokeExplosively(FrameworkMethod.java:44)
	at org.junit.internal.runners.statements.InvokeMethod.evaluate(InvokeMethod.java:17)
	at org.springframework.security.oauth2.provider.ServerRunning$1.evaluate(ServerRunning.java:175)
	at org.junit.rules.TestWatchman$1.evaluate(TestWatchman.java:53)
	at org.junit.runners.ParentRunner.runLeaf(ParentRunner.java:271)
	at org.junit.runners.BlockJUnit4ClassRunner.runChild(BlockJUnit4ClassRunner.java:70)
	at org.junit.runners.BlockJUnit4ClassRunner.runChild(BlockJUnit4ClassRunner.java:50)
	at org.junit.runners.ParentRunner$3.run(ParentRunner.java:238)
	at org.junit.runners.ParentRunner$1.schedule(ParentRunner.java:63)
	at org.junit.runners.ParentRunner.runChildren(ParentRunner.java:236)
	at org.junit.runners.ParentRunner.access$000(ParentRunner.java:53)
	at org.junit.runners.ParentRunner$2.evaluate(ParentRunner.java:229)
	at org.junit.runners.ParentRunner.run(ParentRunner.java:309)
	at org.apache.maven.surefire.junit4.JUnit4Provider.execute(JUnit4Provider.java:252)
	at org.apache.maven.surefire.junit4.JUnit4Provider.executeTestSet(JUnit4Provider.java:141)
	at org.apache.maven.surefire.junit4.JUnit4Provider.invoke(JUnit4Provider.java:112)
	at sun.reflect.NativeMethodAccessorImpl.invoke0(Native Method)
	at sun.reflect.NativeMethodAccessorImpl.invoke(NativeMethodAccessorImpl.java:62)
	at sun.reflect.DelegatingMethodAccessorImpl.invoke(DelegatingMethodAccessorImpl.java:43)
	at java.lang.reflect.Method.invoke(Method.java:498)
	at org.apache.maven.surefire.util.ReflectionUtils.invokeMethodWithArray(ReflectionUtils.java:189)
	at org.apache.maven.surefire.booter.ProviderFactory$ProviderProxy.invoke(ProviderFactory.java:165)
	at org.apache.maven.surefire.booter.ProviderFactory.invokeProvider(ProviderFactory.java:85)
	at org.apache.maven.surefire.booter.ForkedBooter.runSuitesInProcess(ForkedBooter.java:115)
	at org.apache.maven.surefire.booter.ForkedBooter.main(ForkedBooter.java:75)
</error>
  </testcase>
</testsuite>